<?xml version="1.0" encoding="UTF-8"?>
<!-- Generated by org.testng.reporters.JUnitXMLReporter -->
<testsuite hostname="MIT-65X1-L" ignored="0" name="Test" tests="3" failures="1" timestamp="12 Apr 2018 18:12:17 GMT" time="134.256" errors="0">
  <testcase name="shouldThrowAnErrorIfSignInDetailsAreMissing" time="4.03" classname="src.main.java.testCases.SignInTest">
    <failure type="org.openqa.selenium.NoSuchFrameException" message="No frame element found by name or id ModalFrame
Build info: version: &amp;apos;3.6.0&amp;apos;, revision: &amp;apos;6fbf3ec767&amp;apos;, time: &amp;apos;2017-09-27T15:28:36.4Z&amp;apos;
System info: host: &amp;apos;MIT-65X1-L&amp;apos;, ip: &amp;apos;192.168.0.2&amp;apos;, os.name: &amp;apos;Windows 7&amp;apos;, os.arch: &amp;apos;amd64&amp;apos;, os.version: &amp;apos;6.1&amp;apos;, java.version: &amp;apos;1.8.0_161&amp;apos;
Driver info: driver.version: unknown">
      <![CDATA[org.openqa.selenium.NoSuchFrameException: No frame element found by name or id ModalFrame
Build info: version: '3.6.0', revision: '6fbf3ec767', time: '2017-09-27T15:28:36.4Z'
System info: host: 'MIT-65X1-L', ip: '192.168.0.2', os.name: 'Windows 7', os.arch: 'amd64', os.version: '6.1', java.version: '1.8.0_161'
Driver info: driver.version: unknown
	at org.openqa.selenium.remote.RemoteWebDriver$RemoteTargetLocator.frame(RemoteWebDriver.java:925)
	at src.main.java.testCases.SignInTest.shouldThrowAnErrorIfSignInDetailsAreMissing(SignInTest.java:25)
... Removed 25 stack frames]]>
    </failure>
  </testcase> <!-- shouldThrowAnErrorIfSignInDetailsAreMissing -->
  <testcase name="shouldBeAbleToSearchForHotels" time="54.108" classname="src.main.java.testCases.HotelBookingTest"/>
  <testcase name="testThatResultsAppearForAOneWayJourney" time="14.062" classname="src.main.java.testCases.FlightBookingTest"/>
</testsuite> <!-- Test -->
